<?xml version="1.0" encoding="UTF-8"?>
<!-- Generated by org.testng.reporters.JUnitReportReporter -->
<testsuite hostname="kimo" failures="0" tests="1" name="Auth.Login_Test" time="1.700" errors="0" timestamp="2025-07-29T16:51:30 EEST" skipped="0">
  <testcase classname="Auth.Login_Test" name="user_login_test" time="1.700"/>
</testsuite> <!-- Auth.Login_Test -->
