<?xml version="1.0" encoding="UTF-8"?>
<!-- Generated by org.testng.reporters.JUnitReportReporter -->
<testsuite hostname="kimo" failures="0" tests="9" name="Products.Product_Test" time="3.503" errors="0" timestamp="2025-07-29T16:51:30 EEST" skipped="0">
  <testcase classname="Products.Product_Test" name="get_a_single_product" time="0.228"/>
  <testcase classname="Products.Product_Test" name="update_product_using_PUT" time="0.227"/>
  <testcase classname="Products.Product_Test" name="update_product_using_PATCH" time="1.229"/>
  <testcase classname="Products.Product_Test" name="get_product_in_specific_categories" time="0.321"/>
  <testcase classname="Products.Product_Test" name="Sort_result_of_products_DESC" time="0.259"/>
  <testcase classname="Products.Product_Test" name="limit_result_of_product" time="0.231"/>
  <testcase classname="Products.Product_Test" name="get_all_products" time="0.312"/>
  <testcase classname="Products.Product_Test" name="get_all_categories" time="0.299"/>
  <testcase classname="Products.Product_Test" name="delete_a_specific_product" time="0.397"/>
</testsuite> <!-- Products.Product_Test -->
