<?xml version="1.0" encoding="UTF-8"?>
<!-- Generated by org.testng.reporters.JUnitReportReporter -->
<testsuite hostname="kimo" failures="0" tests="8" name="Users.Users_Test" time="3.261" errors="0" timestamp="2025-07-29T16:51:30 EEST" skipped="0">
  <testcase classname="Users.Users_Test" name="update_a_user_using_PUT" time="0.211"/>
  <testcase classname="Users.Users_Test" name="update_a_user_using_PATCH" time="0.230"/>
  <testcase classname="Users.Users_Test" name="add_a_new_user" time="0.219"/>
  <testcase classname="Users.Users_Test" name="Sort_result_of_users_DESC" time="0.330"/>
  <testcase classname="Users.Users_Test" name="get_a_single_user" time="0.323"/>
  <testcase classname="Users.Users_Test" name="get_all_users" time="0.839"/>
  <testcase classname="Users.Users_Test" name="limit_results_of_users" time="0.730"/>
  <testcase classname="Users.Users_Test" name="delete_a_specific_cart" time="0.379"/>
</testsuite> <!-- Users.Users_Test -->
