<?xml version="1.0" encoding="UTF-8"?>
<!-- Generated by org.testng.reporters.JUnitReportReporter -->
<testsuite hostname="kimo" failures="0" tests="1" name="EndToEnd.EndToEnd_Test" time="2.821" errors="0" timestamp="2025-07-29T16:51:30 EEST" skipped="0">
  <testcase classname="EndToEnd.EndToEnd_Test" name="E2E_Flow" time="2.821"/>
</testsuite> <!-- EndToEnd.EndToEnd_Test -->
