<?xml version="1.0" encoding="UTF-8"?>
<!-- Generated by org.testng.reporters.JUnitReportReporter -->
<testsuite hostname="kimo" failures="0" tests="11" name="Carts.Carts_Test" time="4.486" errors="0" timestamp="2025-07-29T16:51:30 EEST" skipped="0">
  <testcase classname="Carts.Carts_Test" name="get_carts_in_specific_date" time="0.330"/>
  <testcase classname="Carts.Carts_Test" name="get_carts_in_specific_user" time="0.325"/>
  <testcase classname="Carts.Carts_Test" name="update_a_product_PUT" time="0.294"/>
  <testcase classname="Carts.Carts_Test" name="get_a_single_cart" time="0.383"/>
  <testcase classname="Carts.Carts_Test" name="delete_a_specific_cart" time="0.326"/>
  <testcase classname="Carts.Carts_Test" name="get_carts_in_a_date_range" time="0.330"/>
  <testcase classname="Carts.Carts_Test" name="limit_results_of_carts" time="0.331"/>
  <testcase classname="Carts.Carts_Test" name="add_a_new_product_in_carts" time="0.465"/>
  <testcase classname="Carts.Carts_Test" name="get_all_carts" time="0.418"/>
  <testcase classname="Carts.Carts_Test" name="update_a_product_using_PATCH" time="0.298"/>
  <testcase classname="Carts.Carts_Test" name="Sort_result_of_carts_DESC" time="0.986"/>
</testsuite> <!-- Carts.Carts_Test -->
